
Symbol table '.symtab' contains 19 entries:
   Num:    Value  Size Type    Bind   Vis      Ndx Name
     0: 00000000     0 NOTYPE  LOCAL  DEFAULT  UND 
     1: 00000000     0 SECTION LOCAL  DEFAULT    1 
     2: 00000000     0 SECTION LOCAL  DEFAULT    2 
     3: 00000000     0 SECTION LOCAL  DEFAULT    3 
     4: 08017548     0 NOTYPE  LOCAL  DEFAULT  ABS GetWeaponType
     5: 00000001     0 NOTYPE  LOCAL  DEFAULT  ABS BonusWeaponType
     6: 00000001     0 NOTYPE  LOCAL  DEFAULT  ABS MaxRangeBonus
     7: 00000000     0 NOTYPE  LOCAL  DEFAULT    1 $t
     8: 0000000c     0 NOTYPE  LOCAL  DEFAULT    1 $d
     9: 0000000e     0 NOTYPE  LOCAL  DEFAULT    1 $t
    10: 00000020     0 NOTYPE  LOCAL  DEFAULT    1 End
    11: 0000001e     0 NOTYPE  LOCAL  DEFAULT    1 NotOverMax
    12: 00000028     0 NOTYPE  LOCAL  DEFAULT    1 $d
    13: 00000000     0 SECTION LOCAL  DEFAULT    6 
    14: 00000000     0 SECTION LOCAL  DEFAULT    8 
    15: 00000000     0 SECTION LOCAL  DEFAULT    4 
    16: 00000000     0 SECTION LOCAL  DEFAULT   11 
    17: 00000000     0 SECTION LOCAL  DEFAULT    9 
    18: 00000000     0 SECTION LOCAL  DEFAULT   12 
